<?xml version="1.0" encoding="UTF-8"?>
<testsuite name="com.jss.springWebKotlin.SpringWebKotlinApplicationTests" tests="1" skipped="0" failures="0" errors="0" timestamp="2021-09-30T18:47:35" hostname="ip-192-168-1-16.eu-west-1.compute.internal" time="0.282">
  <properties/>
  <testcase name="contextLoads()" classname="com.jss.springWebKotlin.SpringWebKotlinApplicationTests" time="0.282"/>
  <system-out><![CDATA[15:47:34.078 [Test worker] DEBUG org.springframework.test.context.BootstrapUtils - Instantiating CacheAwareContextLoaderDelegate from class [org.springframework.test.context.cache.DefaultCacheAwareContextLoaderDelegate]
15:47:34.089 [Test worker] DEBUG org.springframework.test.context.BootstrapUtils - Instantiating BootstrapContext using constructor [public org.springframework.test.context.support.DefaultBootstrapContext(java.lang.Class,org.springframework.test.context.CacheAwareContextLoaderDelegate)]
15:47:34.121 [Test worker] DEBUG org.springframework.test.context.BootstrapUtils - Instantiating TestContextBootstrapper for test class [com.jss.springWebKotlin.SpringWebKotlinApplicationTests] from class [org.springframework.boot.test.context.SpringBootTestContextBootstrapper]
15:47:34.131 [Test worker] INFO org.springframework.boot.test.context.SpringBootTestContextBootstrapper - Neither @ContextConfiguration nor @ContextHierarchy found for test class [com.jss.springWebKotlin.SpringWebKotlinApplicationTests], using SpringBootContextLoader
15:47:34.134 [Test worker] DEBUG org.springframework.test.context.support.AbstractContextLoader - Did not detect default resource location for test class [com.jss.springWebKotlin.SpringWebKotlinApplicationTests]: class path resource [com/jss/springWebKotlin/SpringWebKotlinApplicationTests-context.xml] does not exist
15:47:34.134 [Test worker] DEBUG org.springframework.test.context.support.AbstractContextLoader - Did not detect default resource location for test class [com.jss.springWebKotlin.SpringWebKotlinApplicationTests]: class path resource [com/jss/springWebKotlin/SpringWebKotlinApplicationTestsContext.groovy] does not exist
15:47:34.134 [Test worker] INFO org.springframework.test.context.support.AbstractContextLoader - Could not detect default resource locations for test class [com.jss.springWebKotlin.SpringWebKotlinApplicationTests]: no resource found for suffixes {-context.xml, Context.groovy}.
15:47:34.135 [Test worker] INFO org.springframework.test.context.support.AnnotationConfigContextLoaderUtils - Could not detect default configuration classes for test class [com.jss.springWebKotlin.SpringWebKotlinApplicationTests]: SpringWebKotlinApplicationTests does not declare any static, non-private, non-final, nested classes annotated with @Configuration.
15:47:34.169 [Test worker] DEBUG org.springframework.test.context.support.ActiveProfilesUtils - Could not find an 'annotation declaring class' for annotation type [org.springframework.test.context.ActiveProfiles] and class [com.jss.springWebKotlin.SpringWebKotlinApplicationTests]
15:47:34.211 [Test worker] DEBUG org.springframework.context.annotation.ClassPathScanningCandidateComponentProvider - Identified candidate component class: file [/Users/jan/Documents/Study/SpringKotlin/springWebKotlin/build/classes/kotlin/main/com/jss/springWebKotlin/SpringWebKotlinApplication.class]
15:47:34.213 [Test worker] INFO org.springframework.boot.test.context.SpringBootTestContextBootstrapper - Found @SpringBootConfiguration com.jss.springWebKotlin.SpringWebKotlinApplication for test class com.jss.springWebKotlin.SpringWebKotlinApplicationTests
15:47:34.284 [Test worker] DEBUG org.springframework.boot.test.context.SpringBootTestContextBootstrapper - @TestExecutionListeners is not present for class [com.jss.springWebKotlin.SpringWebKotlinApplicationTests]: using defaults.
15:47:34.285 [Test worker] INFO org.springframework.boot.test.context.SpringBootTestContextBootstrapper - Loaded default TestExecutionListener class names from location [META-INF/spring.factories]: [org.springframework.boot.test.autoconfigure.restdocs.RestDocsTestExecutionListener, org.springframework.boot.test.autoconfigure.web.client.MockRestServiceServerResetTestExecutionListener, org.springframework.boot.test.autoconfigure.web.servlet.MockMvcPrintOnlyOnFailureTestExecutionListener, org.springframework.boot.test.autoconfigure.web.servlet.WebDriverTestExecutionListener, org.springframework.boot.test.autoconfigure.webservices.client.MockWebServiceServerTestExecutionListener, org.springframework.boot.test.mock.mockito.MockitoTestExecutionListener, org.springframework.boot.test.mock.mockito.ResetMocksTestExecutionListener, org.springframework.test.context.web.ServletTestExecutionListener, org.springframework.test.context.support.DirtiesContextBeforeModesTestExecutionListener, org.springframework.test.context.event.ApplicationEventsTestExecutionListener, org.springframework.test.context.support.DependencyInjectionTestExecutionListener, org.springframework.test.context.support.DirtiesContextTestExecutionListener, org.springframework.test.context.transaction.TransactionalTestExecutionListener, org.springframework.test.context.jdbc.SqlScriptsTestExecutionListener, org.springframework.test.context.event.EventPublishingTestExecutionListener]
15:47:34.296 [Test worker] DEBUG org.springframework.boot.test.context.SpringBootTestContextBootstrapper - Skipping candidate TestExecutionListener [org.springframework.test.context.transaction.TransactionalTestExecutionListener] due to a missing dependency. Specify custom listener classes or make the default listener classes and their required dependencies available. Offending class: [org/springframework/transaction/interceptor/TransactionAttributeSource]
15:47:34.296 [Test worker] DEBUG org.springframework.boot.test.context.SpringBootTestContextBootstrapper - Skipping candidate TestExecutionListener [org.springframework.test.context.jdbc.SqlScriptsTestExecutionListener] due to a missing dependency. Specify custom listener classes or make the default listener classes and their required dependencies available. Offending class: [org/springframework/transaction/interceptor/TransactionAttribute]
15:47:34.297 [Test worker] INFO org.springframework.boot.test.context.SpringBootTestContextBootstrapper - Using TestExecutionListeners: [org.springframework.test.context.web.ServletTestExecutionListener@2cae1042, org.springframework.test.context.support.DirtiesContextBeforeModesTestExecutionListener@163d04ff, org.springframework.test.context.event.ApplicationEventsTestExecutionListener@7c209437, org.springframework.boot.test.mock.mockito.MockitoTestExecutionListener@2262b621, org.springframework.boot.test.autoconfigure.SpringBootDependencyInjectionTestExecutionListener@7e928e2f, org.springframework.test.context.support.DirtiesContextTestExecutionListener@f667fe, org.springframework.test.context.event.EventPublishingTestExecutionListener@788fcafb, org.springframework.boot.test.autoconfigure.restdocs.RestDocsTestExecutionListener@4febb875, org.springframework.boot.test.autoconfigure.web.client.MockRestServiceServerResetTestExecutionListener@25e2a451, org.springframework.boot.test.autoconfigure.web.servlet.MockMvcPrintOnlyOnFailureTestExecutionListener@1698ee84, org.springframework.boot.test.autoconfigure.web.servlet.WebDriverTestExecutionListener@10c626be, org.springframework.boot.test.autoconfigure.webservices.client.MockWebServiceServerTestExecutionListener@2fc0cc3, org.springframework.boot.test.mock.mockito.ResetMocksTestExecutionListener@328cf0e1]
15:47:34.301 [Test worker] DEBUG org.springframework.test.context.support.AbstractDirtiesContextTestExecutionListener - Before test class: context [DefaultTestContext@5af3a0f testClass = SpringWebKotlinApplicationTests, testInstance = [null], testMethod = [null], testException = [null], mergedContextConfiguration = [WebMergedContextConfiguration@19ae6bb testClass = SpringWebKotlinApplicationTests, locations = '{}', classes = '{class com.jss.springWebKotlin.SpringWebKotlinApplication}', contextInitializerClasses = '[]', activeProfiles = '{}', propertySourceLocations = '{}', propertySourceProperties = '{org.springframework.boot.test.context.SpringBootTestContextBootstrapper=true}', contextCustomizers = set[org.springframework.boot.test.autoconfigure.actuate.metrics.MetricsExportContextCustomizerFactory$DisableMetricExportContextCustomizer@59e32960, org.springframework.boot.test.autoconfigure.properties.PropertyMappingContextCustomizer@0, org.springframework.boot.test.autoconfigure.web.servlet.WebDriverContextCustomizerFactory$Customizer@20ca951f, org.springframework.boot.test.context.filter.ExcludeFilterContextCustomizer@7d9e8ef7, org.springframework.boot.test.json.DuplicateJsonObjectContextCustomizerFactory$DuplicateJsonObjectContextCustomizer@4b213651, org.springframework.boot.test.mock.mockito.MockitoContextCustomizer@0, org.springframework.boot.test.web.client.TestRestTemplateContextCustomizer@181e731e, org.springframework.boot.test.context.SpringBootTestArgs@1, org.springframework.boot.test.context.SpringBootTestWebEnvironment@7530ad9c], resourceBasePath = 'src/main/webapp', contextLoader = 'org.springframework.boot.test.context.SpringBootContextLoader', parent = [null]], attributes = map['org.springframework.test.context.web.ServletTestExecutionListener.activateListener' -> true]], class annotated with @DirtiesContext [false] with mode [null].
15:47:34.330 [Test worker] DEBUG org.springframework.test.context.support.TestPropertySourceUtils - Adding inlined properties to environment: {spring.jmx.enabled=false, org.springframework.boot.test.context.SpringBootTestContextBootstrapper=true}

  .   ____          _            __ _ _
 /\\ / ___'_ __ _ _(_)_ __  __ _ \ \ \ \
( ( )\___ | '_ | '_| | '_ \/ _` | \ \ \ \
 \\/  ___)| |_)| | | | | || (_| |  ) ) ) )
  '  |____| .__|_| |_|_| |_\__, | / / / /
 =========|_|==============|___/=/_/_/_/
 :: Spring Boot ::                (v2.5.5)

2021-09-30 15:47:34.554  INFO 37805 --- [    Test worker] c.j.s.SpringWebKotlinApplicationTests    : Starting SpringWebKotlinApplicationTests using Java 17 on ip-192-168-1-16.eu-west-1.compute.internal with PID 37805 (started by jan in /Users/jan/Documents/Study/SpringKotlin/springWebKotlin)
2021-09-30 15:47:34.556  INFO 37805 --- [    Test worker] c.j.s.SpringWebKotlinApplicationTests    : No active profile set, falling back to default profiles: default
2021-09-30 15:47:35.602  INFO 37805 --- [    Test worker] o.s.b.a.w.s.WelcomePageHandlerMapping    : Adding welcome page: class path resource [static/index.html]
2021-09-30 15:47:35.735  INFO 37805 --- [    Test worker] c.j.s.SpringWebKotlinApplicationTests    : Started SpringWebKotlinApplicationTests in 1.399 seconds (JVM running for 2.485)
]]></system-out>
  <system-err><![CDATA[]]></system-err>
</testsuite>
